<?xml version="1.0" encoding="UTF-8" ?>
<testsuite errors="4" failures="1" hostname="BA27802ARL" name="ar.com.torneobarker.ResultadoControllerSpec" tests="7" time="0.896" timestamp="2016-03-07T19:14:46">
  <properties />
  <testcase classname="ar.com.torneobarker.ResultadoControllerSpec" name="Test the index action returns the correct model" time="0.495" />
  <testcase classname="ar.com.torneobarker.ResultadoControllerSpec" name="Test the create action returns the correct model" time="0.045" />
  <testcase classname="ar.com.torneobarker.ResultadoControllerSpec" name="Test the save action correctly persists an instance" time="0.06">
    <error message="null" type="java.lang.NumberFormatException">java.lang.NumberFormatException: null
	at java.lang.Long.parseLong(Long.java:404)
	at java.lang.Long.valueOf(Long.java:540)
	at ar.com.torneobarker.ResultadoController.$tt__save(ResultadoController.groovy:165)
	at ar.com.torneobarker.ResultadoControllerSpec.Test the save action correctly persists an instance(ResultadoControllerSpec.groovy:43)
</error>
  </testcase>
  <testcase classname="ar.com.torneobarker.ResultadoControllerSpec" name="Test that the show action returns the correct model" time="0.04">
    <error message="null" type="java.lang.NumberFormatException">java.lang.NumberFormatException: null
	at java.lang.Long.parseLong(Long.java:404)
	at java.lang.Long.valueOf(Long.java:540)
	at ar.com.torneobarker.ResultadoController.$tt__show(ResultadoController.groovy:23)
	at ar.com.torneobarker.ResultadoControllerSpec.Test that the show action returns the correct model(ResultadoControllerSpec.groovy:64)
</error>
  </testcase>
  <testcase classname="ar.com.torneobarker.ResultadoControllerSpec" name="Test that the edit action returns the correct model" time="0.045">
    <error message="Cannot invoke method getPartido() on null object" type="java.lang.NullPointerException">java.lang.NullPointerException: Cannot invoke method getPartido() on null object
	at ar.com.torneobarker.ResultadoController.$tt__edit(ResultadoController.groovy:295)
	at ar.com.torneobarker.ResultadoControllerSpec.Test that the edit action returns the correct model(ResultadoControllerSpec.groovy:80)
</error>
  </testcase>
  <testcase classname="ar.com.torneobarker.ResultadoControllerSpec" name="Test the update action performs an update on a valid domain instance" time="0.116">
    <error message="Cannot get property &apos;id&apos; on null object" type="java.lang.NullPointerException">java.lang.NullPointerException: Cannot get property &apos;id&apos; on null object
	at ar.com.torneobarker.ResultadoControllerSpec.Test the update action performs an update on a valid domain instance(ResultadoControllerSpec.groovy:122)
</error>
  </testcase>
  <testcase classname="ar.com.torneobarker.ResultadoControllerSpec" name="Test that the delete action deletes an instance if it exists" time="0.049">
    <failure message="Condition not satisfied:&#xa;&#xa;Resultado.count() == 1&#xa;          |       |&#xa;          0       false&#xa;" type="junit.framework.AssertionFailedError">junit.framework.AssertionFailedError: Condition not satisfied:

Resultado.count() == 1
          |       |
          0       false

	at ar.com.torneobarker.ResultadoControllerSpec.Test that the delete action deletes an instance if it exists(ResultadoControllerSpec.groovy:142)
</failure>
  </testcase>
  <system-out><![CDATA[--Output from Test the index action returns the correct model--
--Output from Test the create action returns the correct model--
--Output from Test the save action correctly persists an instance--
--Output from Test that the show action returns the correct model--
--Output from Test that the edit action returns the correct model--
--Output from Test the update action performs an update on a valid domain instance--
--Output from Test that the delete action deletes an instance if it exists--
]]></system-out>
  <system-err><![CDATA[--Output from Test the index action returns the correct model--
--Output from Test the create action returns the correct model--
--Output from Test the save action correctly persists an instance--
--Output from Test that the show action returns the correct model--
--Output from Test that the edit action returns the correct model--
--Output from Test the update action performs an update on a valid domain instance--
--Output from Test that the delete action deletes an instance if it exists--
]]></system-err>
</testsuite>
