<?xml version="1.0" encoding="UTF-8" ?>
<testsuite errors="4" failures="1" hostname="BA27802ARL" name="ar.com.torneobarker.TorneoControllerSpec" tests="7" time="0.913" timestamp="2016-03-07T19:14:48">
  <properties />
  <testcase classname="ar.com.torneobarker.TorneoControllerSpec" name="Test the index action returns the correct model" time="0.539" />
  <testcase classname="ar.com.torneobarker.TorneoControllerSpec" name="Test the create action returns the correct model" time="0.044" />
  <testcase classname="ar.com.torneobarker.TorneoControllerSpec" name="Test the save action correctly persists an instance" time="0.066">
    <error message="Cannot invoke method size() on null object" type="java.lang.NullPointerException">java.lang.NullPointerException: Cannot invoke method size() on null object
	at ar.com.torneobarker.TorneoController.$tt__save(TorneoController.groovy:145)
	at ar.com.torneobarker.TorneoControllerSpec.Test the save action correctly persists an instance(TorneoControllerSpec.groovy:54)
</error>
  </testcase>
  <testcase classname="ar.com.torneobarker.TorneoControllerSpec" name="Test that the show action returns the correct model" time="0.04">
    <error message="Cannot get property &apos;fechas&apos; on null object" type="java.lang.NullPointerException">java.lang.NullPointerException: Cannot get property &apos;fechas&apos; on null object
	at ar.com.torneobarker.TorneoController.$tt__show(TorneoController.groovy:40)
	at ar.com.torneobarker.TorneoControllerSpec.Test that the show action returns the correct model(TorneoControllerSpec.groovy:64)
</error>
  </testcase>
  <testcase classname="ar.com.torneobarker.TorneoControllerSpec" name="Test that the edit action returns the correct model" time="0.035">
    <error message="Cannot invoke method getFechas() on null object" type="java.lang.NullPointerException">java.lang.NullPointerException: Cannot invoke method getFechas() on null object
	at ar.com.torneobarker.TorneoController.$tt__edit(TorneoController.groovy:267)
	at ar.com.torneobarker.TorneoControllerSpec.Test that the edit action returns the correct model(TorneoControllerSpec.groovy:80)
</error>
  </testcase>
  <testcase classname="ar.com.torneobarker.TorneoControllerSpec" name="Test the update action performs an update on a valid domain instance" time="0.089">
    <error message="Cannot get property &apos;id&apos; on null object" type="java.lang.NullPointerException">java.lang.NullPointerException: Cannot get property &apos;id&apos; on null object
	at ar.com.torneobarker.TorneoControllerSpec.Test the update action performs an update on a valid domain instance(TorneoControllerSpec.groovy:122)
</error>
  </testcase>
  <testcase classname="ar.com.torneobarker.TorneoControllerSpec" name="Test that the delete action deletes an instance if it exists" time="0.055">
    <failure message="Condition not satisfied:&#xa;&#xa;Torneo.count() == 1&#xa;       |       |&#xa;       0       false&#xa;" type="junit.framework.AssertionFailedError">junit.framework.AssertionFailedError: Condition not satisfied:

Torneo.count() == 1
       |       |
       0       false

	at ar.com.torneobarker.TorneoControllerSpec.Test that the delete action deletes an instance if it exists(TorneoControllerSpec.groovy:142)
</failure>
  </testcase>
  <system-out><![CDATA[--Output from Test the index action returns the correct model--
--Output from Test the create action returns the correct model--
--Output from Test the save action correctly persists an instance--
--Output from Test that the show action returns the correct model--
--Output from Test that the edit action returns the correct model--
--Output from Test the update action performs an update on a valid domain instance--
--Output from Test that the delete action deletes an instance if it exists--
]]></system-out>
  <system-err><![CDATA[--Output from Test the index action returns the correct model--
--Output from Test the create action returns the correct model--
--Output from Test the save action correctly persists an instance--
--Output from Test that the show action returns the correct model--
--Output from Test that the edit action returns the correct model--
--Output from Test the update action performs an update on a valid domain instance--
--Output from Test that the delete action deletes an instance if it exists--
]]></system-err>
</testsuite>
