<?xml version="1.0" encoding="UTF-8" ?>
<testsuite errors="2" failures="1" hostname="BA27802ARL" name="ar.com.torneobarker.AnioControllerSpec" tests="7" time="9.42" timestamp="2016-03-07T19:14:31">
  <properties />
  <testcase classname="ar.com.torneobarker.AnioControllerSpec" name="Test the index action returns the correct model" time="7.949" />
  <testcase classname="ar.com.torneobarker.AnioControllerSpec" name="Test the create action returns the correct model" time="0.182" />
  <testcase classname="ar.com.torneobarker.AnioControllerSpec" name="Test the save action correctly persists an instance" time="0.783">
    <error message="Cannot redirect for object [ar.com.torneobarker.Anio : (unsaved)] it is not a domain or has no identifier. Use an explicit redirect instead " type="org.codehaus.groovy.grails.web.servlet.mvc.exceptions.CannotRedirectException">org.codehaus.groovy.grails.web.servlet.mvc.exceptions.CannotRedirectException: Cannot redirect for object [ar.com.torneobarker.Anio : (unsaved)] it is not a domain or has no identifier. Use an explicit redirect instead 
	at ar.com.torneobarker.AnioController.tt__save_closure9_closure14(AnioController.groovy:45)
	at ar.com.torneobarker.AnioController.$tt__save(AnioController.groovy:42)
	at ar.com.torneobarker.AnioControllerSpec.Test the save action correctly persists an instance(AnioControllerSpec.groovy:54)
</error>
  </testcase>
  <testcase classname="ar.com.torneobarker.AnioControllerSpec" name="Test that the show action returns the correct model" time="0.05" />
  <testcase classname="ar.com.torneobarker.AnioControllerSpec" name="Test that the edit action returns the correct model" time="0.054" />
  <testcase classname="ar.com.torneobarker.AnioControllerSpec" name="Test the update action performs an update on a valid domain instance" time="0.126">
    <error message="Cannot get property &apos;id&apos; on null object" type="java.lang.NullPointerException">java.lang.NullPointerException: Cannot get property &apos;id&apos; on null object
	at ar.com.torneobarker.AnioControllerSpec.Test the update action performs an update on a valid domain instance(AnioControllerSpec.groovy:122)
</error>
  </testcase>
  <testcase classname="ar.com.torneobarker.AnioControllerSpec" name="Test that the delete action deletes an instance if it exists" time="0.125">
    <failure message="Condition not satisfied:&#xa;&#xa;Anio.count() == 1&#xa;     |       |&#xa;     0       false&#xa;" type="junit.framework.AssertionFailedError">junit.framework.AssertionFailedError: Condition not satisfied:

Anio.count() == 1
     |       |
     0       false

	at ar.com.torneobarker.AnioControllerSpec.Test that the delete action deletes an instance if it exists(AnioControllerSpec.groovy:142)
</failure>
  </testcase>
  <system-out><![CDATA[--Output from Test the index action returns the correct model--
--Output from Test the create action returns the correct model--
--Output from Test the save action correctly persists an instance--
--Output from Test that the show action returns the correct model--
--Output from Test that the edit action returns the correct model--
--Output from Test the update action performs an update on a valid domain instance--
--Output from Test that the delete action deletes an instance if it exists--
]]></system-out>
  <system-err><![CDATA[--Output from Test the index action returns the correct model--
--Output from Test the create action returns the correct model--
--Output from Test the save action correctly persists an instance--
--Output from Test that the show action returns the correct model--
--Output from Test that the edit action returns the correct model--
--Output from Test the update action performs an update on a valid domain instance--
--Output from Test that the delete action deletes an instance if it exists--
]]></system-err>
</testsuite>
