<?xml version="1.0" encoding="UTF-8" ?>
<testsuite errors="2" failures="1" hostname="BA27802ARL" name="ar.com.torneobarker.users.RoleControllerSpec" tests="7" time="0.735" timestamp="2016-03-07T19:14:48">
  <properties />
  <testcase classname="ar.com.torneobarker.users.RoleControllerSpec" name="Test the index action returns the correct model" time="0.376" />
  <testcase classname="ar.com.torneobarker.users.RoleControllerSpec" name="Test the create action returns the correct model" time="0.036" />
  <testcase classname="ar.com.torneobarker.users.RoleControllerSpec" name="Test the save action correctly persists an instance" time="0.098">
    <error message="Cannot redirect for object [ar.com.torneobarker.users.Role : (unsaved)] it is not a domain or has no identifier. Use an explicit redirect instead " type="org.codehaus.groovy.grails.web.servlet.mvc.exceptions.CannotRedirectException">org.codehaus.groovy.grails.web.servlet.mvc.exceptions.CannotRedirectException: Cannot redirect for object [ar.com.torneobarker.users.Role : (unsaved)] it is not a domain or has no identifier. Use an explicit redirect instead 
	at ar.com.torneobarker.users.RoleController.tt__save_closure9_closure14(RoleController.groovy:43)
	at ar.com.torneobarker.users.RoleController.$tt__save(RoleController.groovy:40)
	at ar.com.torneobarker.users.RoleControllerSpec.Test the save action correctly persists an instance(RoleControllerSpec.groovy:54)
</error>
  </testcase>
  <testcase classname="ar.com.torneobarker.users.RoleControllerSpec" name="Test that the show action returns the correct model" time="0.035" />
  <testcase classname="ar.com.torneobarker.users.RoleControllerSpec" name="Test that the edit action returns the correct model" time="0.036" />
  <testcase classname="ar.com.torneobarker.users.RoleControllerSpec" name="Test the update action performs an update on a valid domain instance" time="0.076">
    <error message="Cannot get property &apos;id&apos; on null object" type="java.lang.NullPointerException">java.lang.NullPointerException: Cannot get property &apos;id&apos; on null object
	at ar.com.torneobarker.users.RoleControllerSpec.Test the update action performs an update on a valid domain instance(RoleControllerSpec.groovy:122)
</error>
  </testcase>
  <testcase classname="ar.com.torneobarker.users.RoleControllerSpec" name="Test that the delete action deletes an instance if it exists" time="0.042">
    <failure message="Condition not satisfied:&#xa;&#xa;Role.count() == 1&#xa;     |       |&#xa;     0       false&#xa;" type="junit.framework.AssertionFailedError">junit.framework.AssertionFailedError: Condition not satisfied:

Role.count() == 1
     |       |
     0       false

	at ar.com.torneobarker.users.RoleControllerSpec.Test that the delete action deletes an instance if it exists(RoleControllerSpec.groovy:142)
</failure>
  </testcase>
  <system-out><![CDATA[--Output from Test the index action returns the correct model--
--Output from Test the create action returns the correct model--
--Output from Test the save action correctly persists an instance--
--Output from Test that the show action returns the correct model--
--Output from Test that the edit action returns the correct model--
--Output from Test the update action performs an update on a valid domain instance--
--Output from Test that the delete action deletes an instance if it exists--
]]></system-out>
  <system-err><![CDATA[--Output from Test the index action returns the correct model--
--Output from Test the create action returns the correct model--
--Output from Test the save action correctly persists an instance--
--Output from Test that the show action returns the correct model--
--Output from Test that the edit action returns the correct model--
--Output from Test the update action performs an update on a valid domain instance--
--Output from Test that the delete action deletes an instance if it exists--
]]></system-err>
</testsuite>
